0 info it worked if it ends with ok
1 verbose cli [ 'C:\\Program Files\\nodejs\\node.exe',
1 verbose cli   'C:\\Users\\Administrator\\AppData\\Roaming\\npm\\node_modules\\npm\\bin\\npm-cli.js',
1 verbose cli   'start' ]
2 info using npm@4.1.1
3 info using node@v8.1.3
4 verbose run-script [ 'prestart', 'start', 'poststart' ]
5 info lifecycle mymusic@0.0.0~prestart: mymusic@0.0.0
6 silly lifecycle mymusic@0.0.0~prestart: no script for prestart, continuing
7 info lifecycle mymusic@0.0.0~start: mymusic@0.0.0
8 verbose lifecycle mymusic@0.0.0~start: unsafe-perm in lifecycle true
9 verbose lifecycle mymusic@0.0.0~start: PATH: C:\Users\Administrator\AppData\Roaming\npm\node_modules\npm\bin\node-gyp-bin;D:\case\mymusic\node_modules\.bin;C:\ProgramData\Oracle\Java\javapath;C:\Ruby23-x64\bin;C:\Windows\system32;C:\Windows;C:\Windows\System32\Wbem;C:\Windows\System32\WindowsPowerShell\v1.0\;F:\soft\svn\bin;E:\wamp\bin\php\php5.5.12;C:\ProgramData\ComposerSetup\bin;D:\Git\cmd;F:\gradle\gradle-4.0\bin;%ANDROID_HOME%\platform-tools;%ANDROID_HOME%\tools;C:\Program Files\Java\jdk1.8.0_131\bin;C:\Program Files\Java\jdk1.8.0_131\jre\bin;C:\Program Files\nodejs\;C:\Users\Administrator\AppData\Local\Programs\Python\Python36\Scripts\;C:\Users\Administrator\AppData\Local\Programs\Python\Python36\;C:\Users\Administrator\AppData\Roaming\npm;F:\Microsoft VS Code\bin;
10 verbose lifecycle mymusic@0.0.0~start: CWD: D:\case\mymusic
11 silly lifecycle mymusic@0.0.0~start: Args: [ '/d /s /c', 'node ./bin/www' ]
12 silly lifecycle mymusic@0.0.0~start: Returned: code: 1073807364  signal: null
13 info lifecycle mymusic@0.0.0~start: Failed to exec start script
14 verbose stack Error: mymusic@0.0.0 start: `node ./bin/www`
14 verbose stack Exit status 1073807364
14 verbose stack     at EventEmitter.<anonymous> (C:\Users\Administrator\AppData\Roaming\npm\node_modules\npm\lib\utils\lifecycle.js:279:16)
14 verbose stack     at emitTwo (events.js:125:13)
14 verbose stack     at EventEmitter.emit (events.js:213:7)
14 verbose stack     at ChildProcess.<anonymous> (C:\Users\Administrator\AppData\Roaming\npm\node_modules\npm\lib\utils\spawn.js:40:14)
14 verbose stack     at emitTwo (events.js:125:13)
14 verbose stack     at ChildProcess.emit (events.js:213:7)
14 verbose stack     at maybeClose (internal/child_process.js:897:16)
14 verbose stack     at Process.ChildProcess._handle.onexit (internal/child_process.js:208:5)
15 verbose pkgid mymusic@0.0.0
16 verbose cwd D:\case\mymusic
17 error Windows_NT 6.1.7601
18 error argv "C:\\Program Files\\nodejs\\node.exe" "C:\\Users\\Administrator\\AppData\\Roaming\\npm\\node_modules\\npm\\bin\\npm-cli.js" "start"
19 error node v8.1.3
20 error npm  v4.1.1
21 error code ELIFECYCLE
22 error mymusic@0.0.0 start: `node ./bin/www`
22 error Exit status 1073807364
23 error Failed at the mymusic@0.0.0 start script 'node ./bin/www'.
23 error Make sure you have the latest version of node.js and npm installed.
23 error If you do, this is most likely a problem with the mymusic package,
23 error not with npm itself.
23 error Tell the author that this fails on your system:
23 error     node ./bin/www
23 error You can get information on how to open an issue for this project with:
23 error     npm bugs mymusic
23 error Or if that isn't available, you can get their info via:
23 error     npm owner ls mymusic
23 error There is likely additional logging output above.
24 verbose exit [ 1, true ]
